------------------------------------------begin---------------------------------
写入时间:2018-09-12 17:01:48
userid=1000
golds=10
-------------------------------------------end---------------------------------
------------------------------------------begin---------------------------------
写入时间:2018-09-12 17:10:48
userid=1001
golds=20
-------------------------------------------end---------------------------------
------------------------------------------begin---------------------------------
写入时间:2018-09-12 17:11:48
userid=1000
golds=20
-------------------------------------------end---------------------------------
------------------------------------------begin---------------------------------
写入时间:2018-09-12 17:12:48
userid=1000
golds=30
-------------------------------------------end---------------------------------
------------------------------------------begin---------------------------------
写入时间:2018-09-12 17:15:48
userid=1002
golds=15
-------------------------------------------end---------------------------------
------------------------------------------begin---------------------------------
写入时间:2018-09-12 18:01:48
userid=1002
golds=10
-------------------------------------------end---------------------------------
